<?xml version="1.0" encoding="UTF-8"?>
<!-- Generated by org.testng.reporters.JUnitReportReporter -->
<testsuite hostname="Mukeshs-MacBook-Air.local" failures="0" tests="1" name="testcases.LoginTest" time="2.321" errors="0" timestamp="2025-08-14T08:46:26 IST" skipped="0">
  <testcase classname="testcases.LoginTest" name="testLoginWithValidCredentials" time="2.321"/>
</testsuite> <!-- testcases.LoginTest -->
